[2026-02-04 15:58:02] 
[2026-02-04 15:58:02] DB Connect 
[2026-02-04 15:58:32] check 1/10 : running batch count = ''
[2026-02-04 15:58:32] CNT is empty. exit.
[2026-02-04 15:58:32] -=Complete=-
[2026-02-04 16:58:02] 
[2026-02-04 16:58:02] DB Connect 
[2026-02-04 16:58:32] check 1/10 : running batch count = ''
[2026-02-04 16:58:32] CNT is empty. exit.
[2026-02-04 16:58:32] -=Complete=-
[2026-02-04 17:58:02] 
[2026-02-04 17:58:02] DB Connect 
[2026-02-04 17:58:32] check 1/10 : running batch count = ''
[2026-02-04 17:58:32] CNT is empty. exit.
[2026-02-04 17:58:32] -=Complete=-
[2026-02-04 18:58:01] 
[2026-02-04 18:58:01] DB Connect 
[2026-02-04 18:58:32] check 1/10 : running batch count = ''
[2026-02-04 18:58:32] CNT is empty. exit.
[2026-02-04 18:58:32] -=Complete=-
[2026-02-04 19:58:02] 
[2026-02-04 19:58:02] DB Connect 
[2026-02-04 19:58:32] check 1/10 : running batch count = ''
[2026-02-04 19:58:32] CNT is empty. exit.
[2026-02-04 19:58:32] -=Complete=-
[2026-02-04 20:58:01] 
[2026-02-04 20:58:01] DB Connect 
[2026-02-04 20:58:31] check 1/10 : running batch count = ''
[2026-02-04 20:58:31] CNT is empty. exit.
[2026-02-04 20:58:31] -=Complete=-
[2026-02-04 21:58:02] 
[2026-02-04 21:58:02] DB Connect 
[2026-02-04 21:58:32] check 1/10 : running batch count = ''
[2026-02-04 21:58:32] CNT is empty. exit.
[2026-02-04 21:58:32] -=Complete=-
[2026-02-04 22:58:01] 
[2026-02-04 22:58:01] DB Connect 
[2026-02-04 22:58:31] check 1/10 : running batch count = ''
[2026-02-04 22:58:31] CNT is empty. exit.
[2026-02-04 22:58:31] -=Complete=-
[2026-02-04 23:58:02] 
[2026-02-04 23:58:02] DB Connect 
[2026-02-04 23:58:32] check 1/10 : running batch count = ''
[2026-02-04 23:58:32] CNT is empty. exit.
[2026-02-04 23:58:32] -=Complete=-
